#
# There is insufficient memory for the Java Runtime Environment to continue.
# Native memory allocation (malloc) failed to allocate 1048576 bytes for AllocateHeap
# Possible reasons:
#   The system is out of physical RAM or swap space
#   The process is running with CompressedOops enabled, and the Java Heap may be blocking the growth of the native heap
# Possible solutions:
#   Reduce memory load on the system
#   Increase physical memory or swap space
#   Check if swap backing store is full
#   Decrease Java heap size (-Xmx/-Xms)
#   Decrease number of Java threads
#   Decrease Java thread stack sizes (-Xss)
#   Set larger code cache with -XX:ReservedCodeCacheSize=
#   JVM is running with Unscaled Compressed Oops mode in which the Java heap is
#     placed in the first 4GB address space. The Java Heap base address is the
#     maximum limit for the native heap growth. Please use -XX:HeapBaseMinAddress
#     to set the Java Heap base and to place the Java Heap above 4GB virtual address.
# This output file may be truncated or incomplete.
#
#  Out of Memory Error (allocation.cpp:44), pid=28496, tid=28100
#
# JRE version: OpenJDK Runtime Environment Temurin-17.0.7+7 (17.0.7+7) (build 17.0.7+7)
# Java VM: OpenJDK 64-Bit Server VM Temurin-17.0.7+7 (17.0.7+7, mixed mode, emulated-client, tiered, compressed oops, compressed class ptrs, g1 gc, windows-amd64)
# No core dump will be written. Minidumps are not enabled by default on client versions of Windows
#

---------------  S U M M A R Y ------------

Command Line: -XX:+HeapDumpOnOutOfMemoryError -Xmx1024m -Dsts.lsp.client=vscode -Dsts.log.file=/dev/null -XX:TieredStopAtLevel=1 -Xlog:jni+resolve=off -Dspring.config.location=file:c:\Users\iamdr\.vscode\extensions\vmware.vscode-spring-boot-1.45.0\language-server\BOOT-INF\classes\application.properties org.springframework.ide.vscode.boot.app.BootLanguageServerBootApp

Host: Intel(R) Core(TM) i5-10210U CPU @ 1.60GHz, 8 cores, 7G,  Windows 11 , 64 bit Build 23440 (10.0.23440.1000)
Time: Sat May  6 19:58:12 2023 India Standard Time elapsed time: 82759.299592 seconds (0d 22h 59m 19s)

---------------  T H R E A D  ---------------

Current thread (0x00000115f439dd80):  VMThread "VM Thread" [stack: 0x0000000b84200000,0x0000000b84300000] [id=28100]

Stack: [0x0000000b84200000,0x0000000b84300000]
Native frames: (J=compiled Java code, j=interpreted, Vv=VM code, C=native code)
V  [jvm.dll+0x67754a]
V  [jvm.dll+0x834304]
V  [jvm.dll+0x835aae]
V  [jvm.dll+0x836113]
V  [jvm.dll+0x24696f]
V  [jvm.dll+0xa681f]
V  [jvm.dll+0x2f73f3]
V  [jvm.dll+0x2f30f0]
V  [jvm.dll+0x2db6c7]
V  [jvm.dll+0x31e777]
V  [jvm.dll+0x83a5bb]
V  [jvm.dll+0x83b2f4]
V  [jvm.dll+0x83b80c]
V  [jvm.dll+0x83bbe4]
V  [jvm.dll+0x83bcb0]
V  [jvm.dll+0x7e4e7a]
V  [jvm.dll+0x676395]
C  [ucrtbase.dll+0x29363]
C  [KERNEL32.DLL+0x1269d]
C  [ntdll.dll+0x5a9f8]

VM_Operation (0x0000000b85aff020): G1CollectFull, mode: safepoint, requested by thread 0x00000115fa1ce3b0


---------------  P R O C E S S  ---------------

Threads class SMR info:
_java_thread_list=0x00000115fa190110, length=18, elements={
0x00000115f43b6380, 0x00000115f43b6c40, 0x00000115f44ff2b0, 0x00000115f43da230,
0x00000115f43da700, 0x00000115f43dafc0, 0x00000115f43db880, 0x00000115f43de190,
0x00000115f470bd80, 0x00000115f46f2370, 0x00000115fa185870, 0x00000115fa1bb040,
0x00000115fa1ce3b0, 0x00000115fa1ca2a0, 0x00000115e75e54d0, 0x00000115fa1dfe00,
0x00000115fa256f80, 0x00000115fa2554a0
}

Java Threads: ( => current thread )
  0x00000115f43b6380 JavaThread "Reference Handler" daemon [_thread_blocked, id=19536, stack(0x0000000b84300000,0x0000000b84400000)]
  0x00000115f43b6c40 JavaThread "Finalizer" daemon [_thread_blocked, id=33312, stack(0x0000000b84400000,0x0000000b84500000)]
  0x00000115f44ff2b0 JavaThread "Signal Dispatcher" daemon [_thread_blocked, id=15860, stack(0x0000000b84500000,0x0000000b84600000)]
  0x00000115f43da230 JavaThread "Attach Listener" daemon [_thread_blocked, id=27640, stack(0x0000000b84600000,0x0000000b84700000)]
  0x00000115f43da700 JavaThread "Service Thread" daemon [_thread_blocked, id=32992, stack(0x0000000b84700000,0x0000000b84800000)]
  0x00000115f43dafc0 JavaThread "Monitor Deflation Thread" daemon [_thread_blocked, id=15604, stack(0x0000000b84800000,0x0000000b84900000)]
  0x00000115f43db880 JavaThread "C1 CompilerThread0" daemon [_thread_blocked, id=6820, stack(0x0000000b84900000,0x0000000b84a00000)]
  0x00000115f43de190 JavaThread "Sweeper thread" daemon [_thread_blocked, id=252, stack(0x0000000b84a00000,0x0000000b84b00000)]
  0x00000115f470bd80 JavaThread "Notification Thread" daemon [_thread_blocked, id=1280, stack(0x0000000b84d00000,0x0000000b84e00000)]
  0x00000115f46f2370 JavaThread "Common-Cleaner" daemon [_thread_blocked, id=21532, stack(0x0000000b84c00000,0x0000000b84d00000)]
  0x00000115fa185870 JavaThread "boundedElastic-evictor-1" daemon [_thread_blocked, id=33460, stack(0x0000000b85700000,0x0000000b85800000)]
  0x00000115fa1bb040 JavaThread "boundedElastic-evictor-2" daemon [_thread_blocked, id=24604, stack(0x0000000b85800000,0x0000000b85900000)]
  0x00000115fa1ce3b0 JavaThread "pool-10-thread-1" [_thread_blocked, id=26828, stack(0x0000000b85a00000,0x0000000b85b00000)]
  0x00000115fa1ca2a0 JavaThread "LanguageServerApp-lifecycle" [_thread_blocked, id=7464, stack(0x0000000b85b00000,0x0000000b85c00000)]
  0x00000115e75e54d0 JavaThread "DestroyJavaVM" [_thread_blocked, id=31956, stack(0x0000000b83c00000,0x0000000b83d00000)]
  0x00000115fa1dfe00 JavaThread "pool-11-thread-1" [_thread_in_native, id=20668, stack(0x0000000b85c00000,0x0000000b85d00000)]
  0x00000115fa256f80 JavaThread "Simple-Language-Server main thread" daemon [_thread_blocked, id=31780, stack(0x0000000b85d00000,0x0000000b85e00000)]
  0x00000115fa2554a0 JavaThread "pool-6-thread-1" [_thread_blocked, id=16704, stack(0x0000000b85e00000,0x0000000b85f00000)]

Other Threads:
=>0x00000115f439dd80 VMThread "VM Thread" [stack: 0x0000000b84200000,0x0000000b84300000] [id=28100]
  0x00000115e7647f20 WatcherThread [stack: 0x0000000b84e00000,0x0000000b84f00000] [id=6036]
  0x00000115e76238d0 GCTaskThread "GC Thread#0" [stack: 0x0000000b83d00000,0x0000000b83e00000] [id=17396]
  0x00000115f979c9b0 GCTaskThread "GC Thread#1" [stack: 0x0000000b84f00000,0x0000000b85000000] [id=20784]
  0x00000115f979cc60 GCTaskThread "GC Thread#2" [stack: 0x0000000b85000000,0x0000000b85100000] [id=15824]
  0x00000115f9769600 GCTaskThread "GC Thread#3" [stack: 0x0000000b85100000,0x0000000b85200000] [id=16716]
  0x00000115f97b4870 GCTaskThread "GC Thread#4" [stack: 0x0000000b85200000,0x0000000b85300000] [id=30464]
  0x00000115f9a0fbc0 GCTaskThread "GC Thread#5" [stack: 0x0000000b85300000,0x0000000b85400000] [id=12596]
  0x00000115f9a0fe70 GCTaskThread "GC Thread#6" [stack: 0x0000000b85400000,0x0000000b85500000] [id=17920]
  0x00000115f9a10120 GCTaskThread "GC Thread#7" [stack: 0x0000000b85500000,0x0000000b85600000] [id=25448]
  0x00000115e762c720 ConcurrentGCThread "G1 Main Marker" [stack: 0x0000000b83e00000,0x0000000b83f00000] [id=28200]
  0x00000115e762d1a0 ConcurrentGCThread "G1 Conc#0" [stack: 0x0000000b83f00000,0x0000000b84000000] [id=20972]
  0x00000115f9ac8860 ConcurrentGCThread "G1 Conc#1" [stack: 0x0000000b85900000,0x0000000b85a00000] [id=17040]
  0x00000115f42120b0 ConcurrentGCThread "G1 Refine#0" [stack: 0x0000000b84000000,0x0000000b84100000] [id=16112]
  0x00000115f4212780 ConcurrentGCThread "G1 Service" [stack: 0x0000000b84100000,0x0000000b84200000] [id=27100]

Threads with active compile tasks:

VM state: at safepoint (normal execution)

VM Mutex/Monitor currently owned by a thread:  ([mutex/lock_event])
[0x00000115e72ed560] Threads_lock - owner thread: 0x00000115f439dd80
[0x00000115e75e2c20] Heap_lock - owner thread: 0x00000115fa1ce3b0

Heap address: 0x00000000c0000000, size: 1024 MB, Compressed Oops mode: 32-bit

CDS archive(s) not mapped
Compressed class space mapped at: 0x0000000100000000-0x0000000140000000, reserved size: 1073741824
Narrow klass base: 0x0000000000000000, Narrow klass shift: 3, Narrow klass range: 0x140000000

GC Precious Log:
 CPUs: 8 total, 8 available
 Memory: 8068M
 Large Page Support: Disabled
 NUMA Support: Disabled
 Compressed Oops: Enabled (32-bit)
 Heap Region Size: 1M
 Heap Min Capacity: 8M
 Heap Initial Capacity: 128M
 Heap Max Capacity: 1G
 Pre-touch: Disabled
 Parallel Workers: 8
 Concurrent Workers: 2
 Concurrent Refinement Workers: 8
 Periodic GC: Disabled

Heap:
 garbage-first heap   total 48128K, used 14134K [0x00000000c0000000, 0x0000000100000000)
  region size 1024K, 1 young (1024K), 0 survivors (0K)
 Metaspace       used 34450K, committed 34944K, reserved 1114112K
  class space    used 4467K, committed 4672K, reserved 1048576K

Heap Regions: E=young(eden), S=young(survivor), O=old, HS=humongous(starts), HC=humongous(continues), CS=collection set, F=free, OA=open archive, CA=closed archive, TAMS=top-at-mark-start (previous, next)
|   0|0x00000000c0000000, 0x00000000c0100000, 0x00000000c0100000|100%| O|  |TAMS 0x00000000c0100000, 0x00000000c0000000| Untracked 
|   1|0x00000000c0100000, 0x00000000c01ffff0, 0x00000000c0200000| 99%| O|  |TAMS 0x00000000c01ffff0, 0x00000000c0100000| Untracked 
|   2|0x00000000c0200000, 0x00000000c02fffd0, 0x00000000c0300000| 99%| O|  |TAMS 0x00000000c02fffd0, 0x00000000c0200000| Untracked 
|   3|0x00000000c0300000, 0x00000000c03ffb98, 0x00000000c0400000| 99%| O|  |TAMS 0x00000000c03ffb98, 0x00000000c0300000| Untracked 
|   4|0x00000000c0400000, 0x00000000c04fff98, 0x00000000c0500000| 99%| O|  |TAMS 0x00000000c04fff98, 0x00000000c0400000| Untracked 
|   5|0x00000000c0500000, 0x00000000c0600000, 0x00000000c0600000|100%| O|  |TAMS 0x00000000c0600000, 0x00000000c0500000| Untracked 
|   6|0x00000000c0600000, 0x00000000c0700000, 0x00000000c0700000|100%| O|  |TAMS 0x00000000c0700000, 0x00000000c0600000| Untracked 
|   7|0x00000000c0700000, 0x00000000c07fffe0, 0x00000000c0800000| 99%| O|  |TAMS 0x00000000c07fffe0, 0x00000000c0700000| Untracked 
|   8|0x00000000c0800000, 0x00000000c0900000, 0x00000000c0900000|100%| O|  |TAMS 0x00000000c0900000, 0x00000000c0800000| Untracked 
|   9|0x00000000c0900000, 0x00000000c0a00000, 0x00000000c0a00000|100%| O|  |TAMS 0x00000000c0a00000, 0x00000000c0900000| Untracked 
|  10|0x00000000c0a00000, 0x00000000c0afffe0, 0x00000000c0b00000| 99%| O|  |TAMS 0x00000000c0afffe0, 0x00000000c0a00000| Untracked 
|  11|0x00000000c0b00000, 0x00000000c0bfffe8, 0x00000000c0c00000| 99%| O|  |TAMS 0x00000000c0bfffe8, 0x00000000c0b00000| Untracked 
|  12|0x00000000c0c00000, 0x00000000c0cdb890, 0x00000000c0d00000| 85%| O|  |TAMS 0x00000000c0c00000, 0x00000000c0c00000| Untracked 
|  13|0x00000000c0d00000, 0x00000000c0df26d0, 0x00000000c0e00000| 94%| O|  |TAMS 0x00000000c0d00000, 0x00000000c0d00000| Untracked 
|  14|0x00000000c0e00000, 0x00000000c0e00000, 0x00000000c0f00000|  0%| F|  |TAMS 0x00000000c0e00000, 0x00000000c0e00000| Untracked 
|  15|0x00000000c0f00000, 0x00000000c0f00000, 0x00000000c1000000|  0%| F|  |TAMS 0x00000000c0f00000, 0x00000000c0f00000| Untracked 
|  16|0x00000000c1000000, 0x00000000c1000000, 0x00000000c1100000|  0%| F|  |TAMS 0x00000000c1000000, 0x00000000c1000000| Untracked 
|  17|0x00000000c1100000, 0x00000000c1100000, 0x00000000c1200000|  0%| F|  |TAMS 0x00000000c1100000, 0x00000000c1100000| Untracked 
|  18|0x00000000c1200000, 0x00000000c1200000, 0x00000000c1300000|  0%| F|  |TAMS 0x00000000c1200000, 0x00000000c1200000| Untracked 
|  19|0x00000000c1300000, 0x00000000c1300000, 0x00000000c1400000|  0%| F|  |TAMS 0x00000000c1300000, 0x00000000c1300000| Untracked 
|  20|0x00000000c1400000, 0x00000000c1400000, 0x00000000c1500000|  0%| F|  |TAMS 0x00000000c1400000, 0x00000000c1400000| Untracked 
|  21|0x00000000c1500000, 0x00000000c1500000, 0x00000000c1600000|  0%| F|  |TAMS 0x00000000c1500000, 0x00000000c1500000| Untracked 
|  22|0x00000000c1600000, 0x00000000c1600000, 0x00000000c1700000|  0%| F|  |TAMS 0x00000000c1600000, 0x00000000c1600000| Untracked 
|  23|0x00000000c1700000, 0x00000000c1700000, 0x00000000c1800000|  0%| F|  |TAMS 0x00000000c1700000, 0x00000000c1700000| Untracked 
|  24|0x00000000c1800000, 0x00000000c1800000, 0x00000000c1900000|  0%| F|  |TAMS 0x00000000c1800000, 0x00000000c1800000| Untracked 
|  25|0x00000000c1900000, 0x00000000c1900000, 0x00000000c1a00000|  0%| F|  |TAMS 0x00000000c1900000, 0x00000000c1900000| Untracked 
|  26|0x00000000c1a00000, 0x00000000c1a00000, 0x00000000c1b00000|  0%| F|  |TAMS 0x00000000c1a00000, 0x00000000c1a00000| Untracked 
|  27|0x00000000c1b00000, 0x00000000c1b00000, 0x00000000c1c00000|  0%| F|  |TAMS 0x00000000c1b00000, 0x00000000c1b00000| Untracked 
|  28|0x00000000c1c00000, 0x00000000c1c00000, 0x00000000c1d00000|  0%| F|  |TAMS 0x00000000c1c00000, 0x00000000c1c00000| Untracked 
|  29|0x00000000c1d00000, 0x00000000c1d00000, 0x00000000c1e00000|  0%| F|  |TAMS 0x00000000c1d00000, 0x00000000c1d00000| Untracked 
|  30|0x00000000c1e00000, 0x00000000c1e00000, 0x00000000c1f00000|  0%| F|  |TAMS 0x00000000c1e00000, 0x00000000c1e00000| Untracked 
|  31|0x00000000c1f00000, 0x00000000c1f00000, 0x00000000c2000000|  0%| F|  |TAMS 0x00000000c1f00000, 0x00000000c1f00000| Untracked 
|  32|0x00000000c2000000, 0x00000000c2000000, 0x00000000c2100000|  0%| F|  |TAMS 0x00000000c2000000, 0x00000000c2000000| Untracked 
|  33|0x00000000c2100000, 0x00000000c2100000, 0x00000000c2200000|  0%| F|  |TAMS 0x00000000c2100000, 0x00000000c2100000| Untracked 
|  34|0x00000000c2200000, 0x00000000c2200000, 0x00000000c2300000|  0%| F|  |TAMS 0x00000000c2200000, 0x00000000c2200000| Untracked 
|  35|0x00000000c2300000, 0x00000000c2300000, 0x00000000c2400000|  0%| F|  |TAMS 0x00000000c2300000, 0x00000000c2300000| Untracked 
|  36|0x00000000c2400000, 0x00000000c2400000, 0x00000000c2500000|  0%| F|  |TAMS 0x00000000c2400000, 0x00000000c2400000| Untracked 
|  37|0x00000000c2500000, 0x00000000c2500000, 0x00000000c2600000|  0%| F|  |TAMS 0x00000000c2500000, 0x00000000c2500000| Untracked 
|  38|0x00000000c2600000, 0x00000000c2600000, 0x00000000c2700000|  0%| F|  |TAMS 0x00000000c2600000, 0x00000000c2600000| Untracked 
|  39|0x00000000c2700000, 0x00000000c2700000, 0x00000000c2800000|  0%| F|  |TAMS 0x00000000c2700000, 0x00000000c2700000| Untracked 
|  40|0x00000000c2800000, 0x00000000c2800000, 0x00000000c2900000|  0%| F|  |TAMS 0x00000000c2800000, 0x00000000c2800000| Untracked 
| 103|0x00000000c6700000, 0x00000000c6700000, 0x00000000c6800000|  0%| F|  |TAMS 0x00000000c6700000, 0x00000000c6700000| Untracked 
| 104|0x00000000c6800000, 0x00000000c6800000, 0x00000000c6900000|  0%| F|  |TAMS 0x00000000c6800000, 0x00000000c6800000| Untracked 
| 105|0x00000000c6900000, 0x00000000c6900000, 0x00000000c6a00000|  0%| F|  |TAMS 0x00000000c6900000, 0x00000000c6900000| Untracked 
| 106|0x00000000c6a00000, 0x00000000c6a00000, 0x00000000c6b00000|  0%| F|  |TAMS 0x00000000c6a00000, 0x00000000c6a00000| Untracked 
| 107|0x00000000c6b00000, 0x00000000c6b00000, 0x00000000c6c00000|  0%| F|  |TAMS 0x00000000c6b00000, 0x00000000c6b00000| Untracked 
| 127|0x00000000c7f00000, 0x00000000c7f266a8, 0x00000000c8000000| 15%| E|  |TAMS 0x00000000c7f00000, 0x00000000c7f00000| Complete 

Card table byte_map: [0x00000115ef520000,0x00000115ef720000] _byte_map_base: 0x00000115eef20000

Marking Bits (Prev, Next): (CMBitMap*) 0x00000115e7623e30, (CMBitMap*) 0x00000115e7623df0
 Prev Bits: [0x00000115f0920000, 0x00000115f1920000)
 Next Bits: [0x00000115ef920000, 0x00000115f0920000)

Polling page: 0x00000115e76a0000

Metaspace:

Usage:
  Non-class:     29.28 MB used.
      Class:      4.36 MB used.
       Both:     33.64 MB used.

Virtual space:
  Non-class space:       64.00 MB reserved,      29.56 MB ( 46%) committed,  1 nodes.
      Class space:        1.00 GB reserved,       4.56 MB ( <1%) committed,  1 nodes.
             Both:        1.06 GB reserved,      34.12 MB (  3%) committed. 

Chunk freelists:
   Non-Class:  2.43 MB
       Class:  11.35 MB
        Both:  13.78 MB

MaxMetaspaceSize: unlimited
CompressedClassSpaceSize: 1.00 GB
Initial GC threshold: 21.00 MB
Current GC threshold: 56.88 MB
CDS: off
MetaspaceReclaimPolicy: balanced
 - commit_granule_bytes: 65536.
 - commit_granule_words: 8192.
 - virtual_space_node_default_size: 8388608.
 - enlarge_chunks_in_place: 1.
 - new_chunks_are_fully_committed: 0.
 - uncommit_free_chunks: 1.
 - use_allocation_guard: 0.
 - handle_deallocations: 1.


Internal statistics:

num_allocs_failed_limit: 5.
num_arena_births: 436.
num_arena_deaths: 120.
num_vsnodes_births: 2.
num_vsnodes_deaths: 0.
num_space_committed: 546.
num_space_uncommitted: 0.
num_chunks_returned_to_freelist: 141.
num_chunks_taken_from_freelist: 1445.
num_chunk_merges: 45.
num_chunk_splits: 985.
num_chunks_enlarged: 729.
num_inconsistent_stats: 0.

CodeCache: size=49152Kb used=6375Kb max_used=7253Kb free=42776Kb
 bounds [0x00000115eba40000, 0x00000115ec160000, 0x00000115eea40000]
 total_blobs=3867 nmethods=3337 adapters=457
 compilation: enabled
              stopped_count=0, restarted_count=0
 full_count=0

Compilation events (20 events):
Event: 9014.547 Thread 0x00000115f43db880 3348   !   1       java.io.FileOutputStream::close (69 bytes)
Event: 9014.552 Thread 0x00000115f43db880 nmethod 3348 0x00000115ebbaf290 code [0x00000115ebbaf460, 0x00000115ebbaf7d8]
Event: 9014.552 Thread 0x00000115f43db880 3349       1       java.io.FileOutputStream$1::<init> (10 bytes)
Event: 9014.552 Thread 0x00000115f43db880 nmethod 3349 0x00000115ebbaef90 code [0x00000115ebbaf120, 0x00000115ebbaf238]
Event: 9014.552 Thread 0x00000115f43db880 3350       1       java.io.FileOutputStream$1::close (11 bytes)
Event: 9014.553 Thread 0x00000115f43db880 nmethod 3350 0x00000115ebbae910 code [0x00000115ebbaeac0, 0x00000115ebbaedd8]
Event: 9014.553 Thread 0x00000115f43db880 3351       1       java.lang.System::gc (7 bytes)
Event: 9014.553 Thread 0x00000115f43db880 nmethod 3351 0x00000115ebbae610 code [0x00000115ebbae7a0, 0x00000115ebbae868]
Event: 9024.797 Thread 0x00000115f43db880 3353       1       java.lang.ProcessImpl$$Lambda$623/0x000000010044bfe0::run (8 bytes)
Event: 9024.797 Thread 0x00000115f43db880 nmethod 3353 0x00000115ebbadf10 code [0x00000115ebbae0a0, 0x00000115ebbae188]
Event: 9024.797 Thread 0x00000115f43db880 3354       1       java.lang.ProcessImpl::lambda$new$0 (6 bytes)
Event: 9024.798 Thread 0x00000115f43db880 nmethod 3354 0x00000115ebbadc10 code [0x00000115ebbadda0, 0x00000115ebbade68]
Event: 10718.643 Thread 0x00000115f43db880 3356   !   1       org.springframework.ide.vscode.commons.languageserver.util.ParentProcessWatcher::parentProcessStillRunning (413 bytes)
Event: 10718.727 Thread 0x00000115f43db880 nmethod 3356 0x00000115ebba9190 code [0x00000115ebba9880, 0x00000115ebbac148]
Event: 10749.646 Thread 0x00000115f43db880 3358       1       java.lang.ProcessImpl$2::run (242 bytes)
Event: 10749.651 Thread 0x00000115f43db880 nmethod 3358 0x00000115ebba7310 code [0x00000115ebba75c0, 0x00000115ebba8358]
Event: 10749.651 Thread 0x00000115f43db880 3359       1       java.io.BufferedOutputStream::<init> (9 bytes)
Event: 10749.652 Thread 0x00000115f43db880 nmethod 3359 0x00000115ebba6d90 code [0x00000115ebba6f20, 0x00000115ebba71f8]
Event: 10749.652 Thread 0x00000115f43db880 3360       1       java.lang.ProcessImpl::waitFor (136 bytes)
Event: 10749.654 Thread 0x00000115f43db880 nmethod 3360 0x00000115ebba6510 code [0x00000115ebba6720, 0x00000115ebba6b58]

GC Heap History (20 events):
Event: 82655.486 GC heap before
{Heap before GC invocations=2111 (full 2102):
 garbage-first heap   total 48128K, used 14134K [0x00000000c0000000, 0x0000000100000000)
  region size 1024K, 1 young (1024K), 0 survivors (0K)
 Metaspace       used 34450K, committed 34944K, reserved 1114112K
  class space    used 4467K, committed 4672K, reserved 1048576K
}
Event: 82655.510 GC heap after
{Heap after GC invocations=2112 (full 2103):
 garbage-first heap   total 48128K, used 14134K [0x00000000c0000000, 0x0000000100000000)
  region size 1024K, 0 young (0K), 0 survivors (0K)
 Metaspace       used 34450K, committed 34944K, reserved 1114112K
  class space    used 4467K, committed 4672K, reserved 1048576K
}
Event: 82666.143 GC heap before
{Heap before GC invocations=2112 (full 2103):
 garbage-first heap   total 48128K, used 14134K [0x00000000c0000000, 0x0000000100000000)
  region size 1024K, 1 young (1024K), 0 survivors (0K)
 Metaspace       used 34450K, committed 34944K, reserved 1114112K
  class space    used 4467K, committed 4672K, reserved 1048576K
}
Event: 82666.177 GC heap after
{Heap after GC invocations=2113 (full 2104):
 garbage-first heap   total 48128K, used 14134K [0x00000000c0000000, 0x0000000100000000)
  region size 1024K, 0 young (0K), 0 survivors (0K)
 Metaspace       used 34450K, committed 34944K, reserved 1114112K
  class space    used 4467K, committed 4672K, reserved 1048576K
}
Event: 82676.638 GC heap before
{Heap before GC invocations=2113 (full 2104):
 garbage-first heap   total 48128K, used 14134K [0x00000000c0000000, 0x0000000100000000)
  region size 1024K, 1 young (1024K), 0 survivors (0K)
 Metaspace       used 34450K, committed 34944K, reserved 1114112K
  class space    used 4467K, committed 4672K, reserved 1048576K
}
Event: 82676.666 GC heap after
{Heap after GC invocations=2114 (full 2105):
 garbage-first heap   total 48128K, used 14134K [0x00000000c0000000, 0x0000000100000000)
  region size 1024K, 0 young (0K), 0 survivors (0K)
 Metaspace       used 34450K, committed 34944K, reserved 1114112K
  class space    used 4467K, committed 4672K, reserved 1048576K
}
Event: 82686.996 GC heap before
{Heap before GC invocations=2114 (full 2105):
 garbage-first heap   total 48128K, used 14134K [0x00000000c0000000, 0x0000000100000000)
  region size 1024K, 1 young (1024K), 0 survivors (0K)
 Metaspace       used 34450K, committed 34944K, reserved 1114112K
  class space    used 4467K, committed 4672K, reserved 1048576K
}
Event: 82687.059 GC heap after
{Heap after GC invocations=2115 (full 2106):
 garbage-first heap   total 48128K, used 14134K [0x00000000c0000000, 0x0000000100000000)
  region size 1024K, 0 young (0K), 0 survivors (0K)
 Metaspace       used 34450K, committed 34944K, reserved 1114112K
  class space    used 4467K, committed 4672K, reserved 1048576K
}
Event: 82697.319 GC heap before
{Heap before GC invocations=2115 (full 2106):
 garbage-first heap   total 48128K, used 14134K [0x00000000c0000000, 0x0000000100000000)
  region size 1024K, 1 young (1024K), 0 survivors (0K)
 Metaspace       used 34450K, committed 34944K, reserved 1114112K
  class space    used 4467K, committed 4672K, reserved 1048576K
}
Event: 82697.376 GC heap after
{Heap after GC invocations=2116 (full 2107):
 garbage-first heap   total 48128K, used 14134K [0x00000000c0000000, 0x0000000100000000)
  region size 1024K, 0 young (0K), 0 survivors (0K)
 Metaspace       used 34450K, committed 34944K, reserved 1114112K
  class space    used 4467K, committed 4672K, reserved 1048576K
}
Event: 82707.699 GC heap before
{Heap before GC invocations=2116 (full 2107):
 garbage-first heap   total 48128K, used 14134K [0x00000000c0000000, 0x0000000100000000)
  region size 1024K, 1 young (1024K), 0 survivors (0K)
 Metaspace       used 34450K, committed 34944K, reserved 1114112K
  class space    used 4467K, committed 4672K, reserved 1048576K
}
Event: 82707.733 GC heap after
{Heap after GC invocations=2117 (full 2108):
 garbage-first heap   total 48128K, used 14134K [0x00000000c0000000, 0x0000000100000000)
  region size 1024K, 0 young (0K), 0 survivors (0K)
 Metaspace       used 34450K, committed 34944K, reserved 1114112K
  class space    used 4467K, committed 4672K, reserved 1048576K
}
Event: 82718.093 GC heap before
{Heap before GC invocations=2117 (full 2108):
 garbage-first heap   total 48128K, used 14134K [0x00000000c0000000, 0x0000000100000000)
  region size 1024K, 1 young (1024K), 0 survivors (0K)
 Metaspace       used 34450K, committed 34944K, reserved 1114112K
  class space    used 4467K, committed 4672K, reserved 1048576K
}
Event: 82718.153 GC heap after
{Heap after GC invocations=2118 (full 2109):
 garbage-first heap   total 48128K, used 14134K [0x00000000c0000000, 0x0000000100000000)
  region size 1024K, 0 young (0K), 0 survivors (0K)
 Metaspace       used 34450K, committed 34944K, reserved 1114112K
  class space    used 4467K, committed 4672K, reserved 1048576K
}
Event: 82728.591 GC heap before
{Heap before GC invocations=2118 (full 2109):
 garbage-first heap   total 48128K, used 14134K [0x00000000c0000000, 0x0000000100000000)
  region size 1024K, 1 young (1024K), 0 survivors (0K)
 Metaspace       used 34450K, committed 34944K, reserved 1114112K
  class space    used 4467K, committed 4672K, reserved 1048576K
}
Event: 82728.630 GC heap after
{Heap after GC invocations=2119 (full 2110):
 garbage-first heap   total 48128K, used 14134K [0x00000000c0000000, 0x0000000100000000)
  region size 1024K, 0 young (0K), 0 survivors (0K)
 Metaspace       used 34450K, committed 34944K, reserved 1114112K
  class space    used 4467K, committed 4672K, reserved 1048576K
}
Event: 82738.857 GC heap before
{Heap before GC invocations=2119 (full 2110):
 garbage-first heap   total 48128K, used 14134K [0x00000000c0000000, 0x0000000100000000)
  region size 1024K, 1 young (1024K), 0 survivors (0K)
 Metaspace       used 34450K, committed 34944K, reserved 1114112K
  class space    used 4467K, committed 4672K, reserved 1048576K
}
Event: 82738.892 GC heap after
{Heap after GC invocations=2120 (full 2111):
 garbage-first heap   total 48128K, used 14134K [0x00000000c0000000, 0x0000000100000000)
  region size 1024K, 0 young (0K), 0 survivors (0K)
 Metaspace       used 34450K, committed 34944K, reserved 1114112K
  class space    used 4467K, committed 4672K, reserved 1048576K
}
Event: 82749.117 GC heap before
{Heap before GC invocations=2120 (full 2111):
 garbage-first heap   total 48128K, used 14134K [0x00000000c0000000, 0x0000000100000000)
  region size 1024K, 1 young (1024K), 0 survivors (0K)
 Metaspace       used 34450K, committed 34944K, reserved 1114112K
  class space    used 4467K, committed 4672K, reserved 1048576K
}
Event: 82749.146 GC heap after
{Heap after GC invocations=2121 (full 2112):
 garbage-first heap   total 48128K, used 14134K [0x00000000c0000000, 0x0000000100000000)
  region size 1024K, 0 young (0K), 0 survivors (0K)
 Metaspace       used 34450K, committed 34944K, reserved 1114112K
  class space    used 4467K, committed 4672K, reserved 1048576K
}

Dll operation events (7 events):
Event: 0.240 Loaded shared library c:\Users\iamdr\.vscode\extensions\redhat.java-1.18.0-win32-x64\jre\17.0.7-win32-x86_64\bin\java.dll
Event: 8.010 Loaded shared library C:\Users\iamdr\.vscode\extensions\redhat.java-1.18.0-win32-x64\jre\17.0.7-win32-x86_64\bin\net.dll
Event: 8.011 Loaded shared library C:\Users\iamdr\.vscode\extensions\redhat.java-1.18.0-win32-x64\jre\17.0.7-win32-x86_64\bin\nio.dll
Event: 8.018 Loaded shared library C:\Users\iamdr\.vscode\extensions\redhat.java-1.18.0-win32-x64\jre\17.0.7-win32-x86_64\bin\zip.dll
Event: 8.395 Loaded shared library C:\Users\iamdr\.vscode\extensions\redhat.java-1.18.0-win32-x64\jre\17.0.7-win32-x86_64\bin\jimage.dll
Event: 14.212 Loaded shared library C:\Users\iamdr\.vscode\extensions\redhat.java-1.18.0-win32-x64\jre\17.0.7-win32-x86_64\bin\management.dll
Event: 14.218 Loaded shared library C:\Users\iamdr\.vscode\extensions\redhat.java-1.18.0-win32-x64\jre\17.0.7-win32-x86_64\bin\management_ext.dll

Deoptimization events (4 events):
Event: 10.079 Thread 0x00000115e75e54d0 DEOPT PACKING pc=0x00000115ebfbe999 sp=0x0000000b83cfd570
Event: 10.079 Thread 0x00000115e75e54d0 DEOPT UNPACKING pc=0x00000115eba97143 sp=0x0000000b83cfca50 mode 3
Event: 14.545 Thread 0x00000115fa256f80 DEOPT PACKING pc=0x00000115ec1482b5 sp=0x0000000b85dfcfd0
Event: 14.545 Thread 0x00000115fa256f80 DEOPT UNPACKING pc=0x00000115eba97143 sp=0x0000000b85dfc4f8 mode 3

Classes unloaded (20 events):
Event: 64.623 Thread 0x00000115f439dd80 Unloading class 0x0000000100220800 'java/lang/invoke/LambdaForm$MH+0x0000000100220800'
Event: 64.623 Thread 0x00000115f439dd80 Unloading class 0x0000000100215000 'java/lang/invoke/LambdaForm$DMH+0x0000000100215000'
Event: 64.623 Thread 0x00000115f439dd80 Unloading class 0x0000000100091c00 'java/lang/invoke/LambdaForm$MH+0x0000000100091c00'
Event: 64.623 Thread 0x00000115f439dd80 Unloading class 0x0000000100091800 'java/lang/invoke/LambdaForm$MH+0x0000000100091800'
Event: 64.623 Thread 0x00000115f439dd80 Unloading class 0x0000000100091400 'java/lang/invoke/LambdaForm$MH+0x0000000100091400'
Event: 64.623 Thread 0x00000115f439dd80 Unloading class 0x0000000100091000 'java/lang/invoke/LambdaForm$MH+0x0000000100091000'
Event: 64.623 Thread 0x00000115f439dd80 Unloading class 0x0000000100090c00 'java/lang/invoke/LambdaForm$MH+0x0000000100090c00'
Event: 64.623 Thread 0x00000115f439dd80 Unloading class 0x0000000100090800 'java/lang/invoke/LambdaForm$MH+0x0000000100090800'
Event: 64.623 Thread 0x00000115f439dd80 Unloading class 0x0000000100090400 'java/lang/invoke/LambdaForm$MH+0x0000000100090400'
Event: 64.623 Thread 0x00000115f439dd80 Unloading class 0x0000000100090000 'java/lang/invoke/LambdaForm$MH+0x0000000100090000'
Event: 64.623 Thread 0x00000115f439dd80 Unloading class 0x000000010008b800 'java/lang/invoke/LambdaForm$MH+0x000000010008b800'
Event: 64.623 Thread 0x00000115f439dd80 Unloading class 0x000000010008b400 'java/lang/invoke/LambdaForm$MH+0x000000010008b400'
Event: 64.623 Thread 0x00000115f439dd80 Unloading class 0x000000010008b000 'java/lang/invoke/LambdaForm$MH+0x000000010008b000'
Event: 64.623 Thread 0x00000115f439dd80 Unloading class 0x000000010008ac00 'java/lang/invoke/LambdaForm$MH+0x000000010008ac00'
Event: 64.623 Thread 0x00000115f439dd80 Unloading class 0x000000010008a800 'java/lang/invoke/LambdaForm$MH+0x000000010008a800'
Event: 64.623 Thread 0x00000115f439dd80 Unloading class 0x000000010008a400 'java/lang/invoke/LambdaForm$MH+0x000000010008a400'
Event: 64.623 Thread 0x00000115f439dd80 Unloading class 0x0000000100089c00 'java/lang/invoke/LambdaForm$MH+0x0000000100089c00'
Event: 64.623 Thread 0x00000115f439dd80 Unloading class 0x0000000100089400 'java/lang/invoke/LambdaForm$MH+0x0000000100089400'
Event: 64.623 Thread 0x00000115f439dd80 Unloading class 0x0000000100088c00 'java/lang/invoke/LambdaForm$MH+0x0000000100088c00'
Event: 64.623 Thread 0x00000115f439dd80 Unloading class 0x0000000100088400 'java/lang/invoke/LambdaForm$MH+0x0000000100088400'

Classes redefined (0 events):
No events

Internal exceptions (20 events):
Event: 11.531 Thread 0x00000115e75e54d0 Exception <a 'java/lang/NoSuchMethodError'{0x00000000c280c9d8}: 'int java.lang.invoke.Invokers$Holder.linkToTargetMethod(java.lang.Object, java.lang.Object)'> (0x00000000c280c9d8) 
thrown [s\src\hotspot\share\interpreter\linkResolver.cpp, line 759]
Event: 11.542 Thread 0x00000115e75e54d0 Exception <a 'java/lang/NoSuchMethodError'{0x00000000c28df068}: 'java.lang.Object java.lang.invoke.DirectMethodHandle$Holder.invokeSpecial(java.lang.Object, java.lang.Object, java.lang.Object, java.lang.Object, java.lang.Object, java.lang.Object, java.lang.Object, java.lang.Object, java.lang.Object, java.lang.Object)'> (0x00000000c28df068) 
thrown [s\src\hotspot\share\interpreter\linkResolver.cpp, line 759]
Event: 11.543 Thread 0x00000115e75e54d0 Exception <a 'java/lang/NoSuchMethodError'{0x00000000c28e3650}: 'java.lang.Object java.lang.invoke.Invokers$Holder.invoke_MT(java.lang.Object, java.lang.Object, java.lang.Object, java.lang.Object, java.lang.Object, java.lang.Object, java.lang.Object, java.lang.Object, java.lang.Object, java.lang.Object)'> (0x00000000c28e3650) 
thrown [s\src\hotspot\share\interpreter\linkResolver.cpp, line 759]
Event: 11.546 Thread 0x00000115e75e54d0 Exception <a 'java/lang/NoSuchMethodError'{0x00000000c2729250}: 'java.lang.Object java.lang.invoke.DirectMethodHandle$Holder.invokeSpecial(java.lang.Object, java.lang.Object, int, java.lang.Object, java.lang.Object)'> (0x00000000c2729250) 
thrown [s\src\hotspot\share\interpreter\linkResolver.cpp, line 759]
Event: 11.547 Thread 0x00000115e75e54d0 Exception <a 'java/lang/NoSuchMethodError'{0x00000000c272cef8}: 'java.lang.Object java.lang.invoke.DelegatingMethodHandle$Holder.delegate(java.lang.Object, int, java.lang.Object, java.lang.Object)'> (0x00000000c272cef8) 
thrown [s\src\hotspot\share\interpreter\linkResolver.cpp, line 759]
Event: 11.548 Thread 0x00000115e75e54d0 Exception <a 'java/lang/NoSuchMethodError'{0x00000000c273dd80}: 'int java.lang.invoke.Invokers$Holder.linkToTargetMethod(java.lang.Object, java.lang.Object, java.lang.Object)'> (0x00000000c273dd80) 
thrown [s\src\hotspot\share\interpreter\linkResolver.cpp, line 759]
Event: 11.594 Thread 0x00000115e75e54d0 Exception <a 'java/lang/NoSuchMethodError'{0x00000000c25bfcf8}: 'void java.lang.invoke.DirectMethodHandle$Holder.invokeSpecial(java.lang.Object, java.lang.Object, java.lang.Object, java.lang.Object, java.lang.Object, java.lang.Object)'> (0x00000000c25bfcf8) 
thrown [s\src\hotspot\share\interpreter\linkResolver.cpp, line 759]
Event: 11.623 Thread 0x00000115e75e54d0 Exception <a 'java/lang/NoSuchMethodError'{0x00000000c23654f0}: 'java.lang.Object java.lang.invoke.DirectMethodHandle$Holder.invokeStaticInit(java.lang.Object, int, int, int, int)'> (0x00000000c23654f0) 
thrown [s\src\hotspot\share\interpreter\linkResolver.cpp, line 759]
Event: 11.683 Thread 0x00000115e75e54d0 Exception <a 'java/lang/NoSuchMethodError'{0x00000000c23dc878}: 'java.lang.Object java.lang.invoke.DirectMethodHandle$Holder.invokeStaticInit(java.lang.Object, java.lang.Object, int, int, int, int)'> (0x00000000c23dc878) 
thrown [s\src\hotspot\share\interpreter\linkResolver.cpp, line 759]
Event: 11.899 Thread 0x00000115e75e54d0 Exception <a 'java/lang/NoSuchMethodError'{0x00000000c7f5ffe0}: 'void java.lang.invoke.DirectMethodHandle$Holder.invokeSpecialIFC(java.lang.Object, java.lang.Object, java.lang.Object)'> (0x00000000c7f5ffe0) 
thrown [s\src\hotspot\share\interpreter\linkResolver.cpp, line 759]
Event: 13.742 Thread 0x00000115e75e54d0 Exception <a 'java/lang/NoSuchMethodError'{0x00000000c6a93678}: 'java.lang.Object java.lang.invoke.DirectMethodHandle$Holder.invokeInterface(java.lang.Object, java.lang.Object, int)'> (0x00000000c6a93678) 
thrown [s\src\hotspot\share\interpreter\linkResolver.cpp, line 759]
Event: 13.745 Thread 0x00000115e75e54d0 Exception <a 'java/lang/IncompatibleClassChangeError'{0x00000000c6aa6848}: Found class java.lang.Object, but interface was expected> (0x00000000c6aa6848) 
thrown [s\src\hotspot\share\interpreter\linkResolver.cpp, line 826]
Event: 13.998 Thread 0x00000115e75e54d0 Exception <a 'java/lang/NoSuchMethodError'{0x00000000c28a9f68}: 'java.lang.Object java.lang.invoke.DirectMethodHandle$Holder.newInvokeSpecial(java.lang.Object, java.lang.Object, int, java.lang.Object, java.lang.Object)'> (0x00000000c28a9f68) 
thrown [s\src\hotspot\share\interpreter\linkResolver.cpp, line 759]
Event: 13.999 Thread 0x00000115e75e54d0 Exception <a 'java/lang/NoSuchMethodError'{0x00000000c28bd468}: 'java.lang.Object java.lang.invoke.DirectMethodHandle$Holder.invokeSpecial(java.lang.Object, java.lang.Object, int, java.lang.Object, int, java.lang.Object)'> (0x00000000c28bd468) 
thrown [s\src\hotspot\share\interpreter\linkResolver.cpp, line 759]
Event: 14.000 Thread 0x00000115e75e54d0 Exception <a 'java/lang/NoSuchMethodError'{0x00000000c28c5270}: 'java.lang.Object java.lang.invoke.DirectMethodHandle$Holder.newInvokeSpecial(java.lang.Object, java.lang.Object, int, java.lang.Object, int)'> (0x00000000c28c5270) 
thrown [s\src\hotspot\share\interpreter\linkResolver.cpp, line 759]
Event: 14.000 Thread 0x00000115e75e54d0 Exception <a 'java/lang/NoSuchMethodError'{0x00000000c28c9370}: 'java.lang.Object java.lang.invoke.DirectMethodHandle$Holder.invokeSpecial(java.lang.Object, java.lang.Object, java.lang.Object, int, java.lang.Object, int)'> (0x00000000c28c9370) 
thrown [s\src\hotspot\share\interpreter\linkResolver.cpp, line 759]
Event: 14.542 Thread 0x00000115fa256f80 Exception <a 'java/lang/NoSuchMethodError'{0x00000000c1e26668}: 'java.lang.Object java.lang.invoke.DirectMethodHandle$Holder.invokeStatic(java.lang.Object, int, java.lang.Object)'> (0x00000000c1e26668) 
thrown [s\src\hotspot\share\interpreter\linkResolver.cpp, line 759]
Event: 14.621 Thread 0x00000115fa1dfe00 Exception <a 'java/lang/NoSuchMethodError'{0x00000000c1e65b38}: 'java.lang.Object java.lang.invoke.DirectMethodHandle$Holder.invokeStatic(java.lang.Object, java.lang.Object, java.lang.Object, int, java.lang.Object, java.lang.Object)'> (0x00000000c1e65b38) 
thrown [s\src\hotspot\share\interpreter\linkResolver.cpp, line 759]
Event: 54.040 Thread 0x00000115fa1ce3b0 Exception <a 'java/lang/NoSuchMethodError'{0x00000000c6b32ac8}: 'void java.lang.invoke.DirectMethodHandle$Holder.invokeStatic(java.lang.Object, long)'> (0x00000000c6b32ac8) 
thrown [s\src\hotspot\share\interpreter\linkResolver.cpp, line 759]
Event: 54.040 Thread 0x00000115fa1ce3b0 Exception <a 'java/lang/NoSuchMethodError'{0x00000000c6b37e70}: 'java.lang.Object java.lang.invoke.DirectMethodHandle$Holder.newInvokeSpecial(java.lang.Object, long)'> (0x00000000c6b37e70) 
thrown [s\src\hotspot\share\interpreter\linkResolver.cpp, line 759]

VM Operations (20 events):
Event: 82655.510 Executing VM operation: G1CollectFull done
Event: 82666.142 Executing VM operation: G1CollectFull
Event: 82666.178 Executing VM operation: G1CollectFull done
Event: 82676.638 Executing VM operation: G1CollectFull
Event: 82676.666 Executing VM operation: G1CollectFull done
Event: 82686.996 Executing VM operation: G1CollectFull
Event: 82687.059 Executing VM operation: G1CollectFull done
Event: 82697.319 Executing VM operation: G1CollectFull
Event: 82697.376 Executing VM operation: G1CollectFull done
Event: 82707.699 Executing VM operation: G1CollectFull
Event: 82707.733 Executing VM operation: G1CollectFull done
Event: 82718.093 Executing VM operation: G1CollectFull
Event: 82718.153 Executing VM operation: G1CollectFull done
Event: 82728.591 Executing VM operation: G1CollectFull
Event: 82728.630 Executing VM operation: G1CollectFull done
Event: 82738.857 Executing VM operation: G1CollectFull
Event: 82738.893 Executing VM operation: G1CollectFull done
Event: 82749.116 Executing VM operation: G1CollectFull
Event: 82749.146 Executing VM operation: G1CollectFull done
Event: 82759.262 Executing VM operation: G1CollectFull

Events (20 events):
Event: 14.701 loading class java/util/concurrent/CompletableFuture$UniRelay
Event: 14.701 loading class java/util/concurrent/CompletableFuture$UniRelay done
Event: 20.111 Thread 0x00000115f9a00550 Thread exited: 0x00000115f9a00550
Event: 25.114 Thread 0x00000115f46ede40 Thread exited: 0x00000115f46ede40
Event: 54.024 loading class java/lang/ProcessBuilder
Event: 54.025 loading class java/lang/ProcessBuilder done
Event: 54.025 loading class java/lang/ProcessImpl
Event: 54.025 loading class java/lang/Process
Event: 54.026 loading class java/lang/Process done
Event: 54.026 loading class java/lang/ProcessImpl done
Event: 54.041 loading class java/lang/ProcessImpl$2
Event: 54.041 loading class java/lang/ProcessImpl$2 done
Event: 54.041 loading class java/lang/Process$PipeInputStream
Event: 54.041 loading class java/lang/Process$PipeInputStream done
Event: 54.042 loading class jdk/internal/event/ProcessStartEvent
Event: 54.042 loading class jdk/internal/event/ProcessStartEvent done
Event: 54.434 loading class java/io/FileOutputStream$1
Event: 54.434 loading class java/io/FileOutputStream$1 done
Event: 74.710 Thread 0x00000115fa292be0 Thread exited: 0x00000115fa292be0
Event: 75.126 Thread 0x00000115fa292710 Thread exited: 0x00000115fa292710


Dynamic libraries:
0x00007ff6cbc60000 - 0x00007ff6cbc6e000 	c:\Users\iamdr\.vscode\extensions\redhat.java-1.18.0-win32-x64\jre\17.0.7-win32-x86_64\bin\java.exe
0x00007ff8cdbd0000 - 0x00007ff8cdde4000 	C:\WINDOWS\SYSTEM32\ntdll.dll
0x00007ff8cc6b0000 - 0x00007ff8cc772000 	C:\WINDOWS\System32\KERNEL32.DLL
0x00007ff8cb0e0000 - 0x00007ff8cb483000 	C:\WINDOWS\System32\KERNELBASE.dll
0x00007ff8cafc0000 - 0x00007ff8cb0d1000 	C:\WINDOWS\System32\ucrtbase.dll
0x00007ff89b1e0000 - 0x00007ff89b1f7000 	c:\Users\iamdr\.vscode\extensions\redhat.java-1.18.0-win32-x64\jre\17.0.7-win32-x86_64\bin\jli.dll
0x00007ff88f520000 - 0x00007ff88f539000 	c:\Users\iamdr\.vscode\extensions\redhat.java-1.18.0-win32-x64\jre\17.0.7-win32-x86_64\bin\VCRUNTIME140.dll
0x00007ff8cbce0000 - 0x00007ff8cbe8b000 	C:\WINDOWS\System32\USER32.dll
0x00007ff8a6d60000 - 0x00007ff8a6fef000 	C:\WINDOWS\WinSxS\amd64_microsoft.windows.common-controls_6595b64144ccf1df_6.0.23440.1000_none_ea9d9c8aff8af3e2\COMCTL32.dll
0x00007ff8cb6a0000 - 0x00007ff8cb6c6000 	C:\WINDOWS\System32\win32u.dll
0x00007ff8cbc00000 - 0x00007ff8cbca7000 	C:\WINDOWS\System32\msvcrt.dll
0x00007ff8cbcb0000 - 0x00007ff8cbcd9000 	C:\WINDOWS\System32\GDI32.dll
0x00007ff8cb790000 - 0x00007ff8cb8a3000 	C:\WINDOWS\System32\gdi32full.dll
0x00007ff8cb600000 - 0x00007ff8cb69a000 	C:\WINDOWS\System32\msvcp_win.dll
0x00007ff8cdb50000 - 0x00007ff8cdb81000 	C:\WINDOWS\System32\IMM32.DLL
0x00007ff8b4bc0000 - 0x00007ff8b4bcc000 	c:\Users\iamdr\.vscode\extensions\redhat.java-1.18.0-win32-x64\jre\17.0.7-win32-x86_64\bin\vcruntime140_1.dll
0x00007ff82da60000 - 0x00007ff82daf1000 	c:\Users\iamdr\.vscode\extensions\redhat.java-1.18.0-win32-x64\jre\17.0.7-win32-x86_64\bin\msvcp140.dll
0x00007ff82b7d0000 - 0x00007ff82c418000 	c:\Users\iamdr\.vscode\extensions\redhat.java-1.18.0-win32-x64\jre\17.0.7-win32-x86_64\bin\server\jvm.dll
0x00007ff8cb9c0000 - 0x00007ff8cba6e000 	C:\WINDOWS\System32\ADVAPI32.dll
0x00007ff8cba70000 - 0x00007ff8cbb14000 	C:\WINDOWS\System32\sechost.dll
0x00007ff8cca60000 - 0x00007ff8ccb75000 	C:\WINDOWS\System32\RPCRT4.dll
0x00007ff8b8460000 - 0x00007ff8b8469000 	C:\WINDOWS\SYSTEM32\WSOCK32.dll
0x00007ff8c37b0000 - 0x00007ff8c37e4000 	C:\WINDOWS\SYSTEM32\WINMM.dll
0x00007ff8c1940000 - 0x00007ff8c194a000 	C:\WINDOWS\SYSTEM32\VERSION.dll
0x00007ff8cbb80000 - 0x00007ff8cbbf1000 	C:\WINDOWS\System32\WS2_32.dll
0x00007ff8ca020000 - 0x00007ff8ca038000 	C:\WINDOWS\SYSTEM32\kernel.appcore.dll
0x00007ff89f660000 - 0x00007ff89f66a000 	c:\Users\iamdr\.vscode\extensions\redhat.java-1.18.0-win32-x64\jre\17.0.7-win32-x86_64\bin\jimage.dll
0x00007ff8c8900000 - 0x00007ff8c8b2e000 	C:\WINDOWS\SYSTEM32\DBGHELP.DLL
0x00007ff8cd7c0000 - 0x00007ff8cdb49000 	C:\WINDOWS\System32\combase.dll
0x00007ff8cc780000 - 0x00007ff8cc857000 	C:\WINDOWS\System32\OLEAUT32.dll
0x00007ff8b6ef0000 - 0x00007ff8b6f22000 	C:\WINDOWS\SYSTEM32\dbgcore.DLL
0x00007ff8cb8b0000 - 0x00007ff8cb92b000 	C:\WINDOWS\System32\bcryptPrimitives.dll
0x00007ff88f070000 - 0x00007ff88f095000 	c:\Users\iamdr\.vscode\extensions\redhat.java-1.18.0-win32-x64\jre\17.0.7-win32-x86_64\bin\java.dll
0x00007ff88f380000 - 0x00007ff88f398000 	c:\Users\iamdr\.vscode\extensions\redhat.java-1.18.0-win32-x64\jre\17.0.7-win32-x86_64\bin\zip.dll
0x00007ff8ccec0000 - 0x00007ff8cd6da000 	C:\WINDOWS\System32\SHELL32.dll
0x00007ff8c8fc0000 - 0x00007ff8c98a6000 	C:\WINDOWS\SYSTEM32\windows.storage.dll
0x00007ff8c8e80000 - 0x00007ff8c8fbe000 	C:\WINDOWS\SYSTEM32\wintypes.dll
0x00007ff8cbe90000 - 0x00007ff8cbf83000 	C:\WINDOWS\System32\SHCORE.dll
0x00007ff8cd6e0000 - 0x00007ff8cd73e000 	C:\WINDOWS\System32\shlwapi.dll
0x00007ff8caef0000 - 0x00007ff8caf11000 	C:\WINDOWS\SYSTEM32\profapi.dll
0x00007ff88dd50000 - 0x00007ff88dd69000 	C:\Users\iamdr\.vscode\extensions\redhat.java-1.18.0-win32-x64\jre\17.0.7-win32-x86_64\bin\net.dll
0x00007ff8c5250000 - 0x00007ff8c5387000 	C:\WINDOWS\SYSTEM32\WINHTTP.dll
0x00007ff8ca490000 - 0x00007ff8ca4f9000 	C:\WINDOWS\system32\mswsock.dll
0x00007ff876150000 - 0x00007ff876165000 	C:\Users\iamdr\.vscode\extensions\redhat.java-1.18.0-win32-x64\jre\17.0.7-win32-x86_64\bin\nio.dll
0x00007ff8ca6f0000 - 0x00007ff8ca70b000 	C:\WINDOWS\SYSTEM32\CRYPTSP.dll
0x00007ff8c9f90000 - 0x00007ff8c9fc5000 	C:\WINDOWS\system32\rsaenh.dll
0x00007ff8ca590000 - 0x00007ff8ca5b8000 	C:\WINDOWS\SYSTEM32\USERENV.dll
0x00007ff8ca8a0000 - 0x00007ff8ca8c8000 	C:\WINDOWS\SYSTEM32\bcrypt.dll
0x00007ff8ca6e0000 - 0x00007ff8ca6ec000 	C:\WINDOWS\SYSTEM32\CRYPTBASE.dll
0x00007ff8c9b00000 - 0x00007ff8c9b2d000 	C:\WINDOWS\SYSTEM32\IPHLPAPI.DLL
0x00007ff8cc6a0000 - 0x00007ff8cc6a9000 	C:\WINDOWS\System32\NSI.dll
0x00007ff8c3d60000 - 0x00007ff8c3d79000 	C:\WINDOWS\SYSTEM32\dhcpcsvc6.DLL
0x00007ff8c3d40000 - 0x00007ff8c3d5f000 	C:\WINDOWS\SYSTEM32\dhcpcsvc.DLL
0x00007ff8c9b70000 - 0x00007ff8c9c63000 	C:\WINDOWS\SYSTEM32\DNSAPI.dll
0x00007ff8c5b60000 - 0x00007ff8c5b69000 	C:\Users\iamdr\.vscode\extensions\redhat.java-1.18.0-win32-x64\jre\17.0.7-win32-x86_64\bin\management.dll
0x00007ff8be850000 - 0x00007ff8be85b000 	C:\Users\iamdr\.vscode\extensions\redhat.java-1.18.0-win32-x64\jre\17.0.7-win32-x86_64\bin\management_ext.dll
0x00007ff8cc9a0000 - 0x00007ff8cc9a8000 	C:\WINDOWS\System32\PSAPI.DLL

dbghelp: loaded successfully - version: 4.0.5 - missing functions: none
symbol engine: initialized successfully - sym options: 0x614 - pdb path: .;c:\Users\iamdr\.vscode\extensions\redhat.java-1.18.0-win32-x64\jre\17.0.7-win32-x86_64\bin;C:\WINDOWS\SYSTEM32;C:\WINDOWS\WinSxS\amd64_microsoft.windows.common-controls_6595b64144ccf1df_6.0.23440.1000_none_ea9d9c8aff8af3e2;c:\Users\iamdr\.vscode\extensions\redhat.java-1.18.0-win32-x64\jre\17.0.7-win32-x86_64\bin\server

VM Arguments:
jvm_args: -XX:+HeapDumpOnOutOfMemoryError -Xmx1024m -Dsts.lsp.client=vscode -Dsts.log.file=/dev/null -XX:TieredStopAtLevel=1 -Xlog:jni+resolve=off -Dspring.config.location=file:c:\Users\iamdr\.vscode\extensions\vmware.vscode-spring-boot-1.45.0\language-server\BOOT-INF\classes\application.properties 
java_command: org.springframework.ide.vscode.boot.app.BootLanguageServerBootApp
java_class_path (initial): c:\Users\iamdr\.vscode\extensions\vmware.vscode-spring-boot-1.45.0\language-server\BOOT-INF\classes;c:\Users\iamdr\.vscode\extensions\vmware.vscode-spring-boot-1.45.0\language-server\BOOT-INF\lib\annotations-24.0.1.jar;c:\Users\iamdr\.vscode\extensions\vmware.vscode-spring-boot-1.45.0\language-server\BOOT-INF\lib\ant-1.10.13.jar;c:\Users\iamdr\.vscode\extensions\vmware.vscode-spring-boot-1.45.0\language-server\BOOT-INF\lib\ant-launcher-1.10.13.jar;c:\Users\iamdr\.vscode\extensions\vmware.vscode-spring-boot-1.45.0\language-server\BOOT-INF\lib\antlr-runtime-3.5.3.jar;c:\Users\iamdr\.vscode\extensions\vmware.vscode-spring-boot-1.45.0\language-server\BOOT-INF\lib\antlr4-4.11.1.jar;c:\Users\iamdr\.vscode\extensions\vmware.vscode-spring-boot-1.45.0\language-server\BOOT-INF\lib\antlr4-runtime-4.11.1.jar;c:\Users\iamdr\.vscode\extensions\vmware.vscode-spring-boot-1.45.0\language-server\BOOT-INF\lib\asm-9.4.jar;c:\Users\iamdr\.vscode\extensions\vmware.vscode-spring-boot-1.45.0\language-server\BOOT-INF\lib\asm-analysis-9.4.jar;c:\Users\iamdr\.vscode\extensions\vmware.vscode-spring-boot-1.45.0\language-server\BOOT-INF\lib\asm-tree-9.4.jar;c:\Users\iamdr\.vscode\extensions\vmware.vscode-spring-boot-1.45.0\language-server\BOOT-INF\lib\asm-util-9.4.jar;c:\Users\iamdr\.vscode\extensions\vmware.vscode-spring-boot-1.45.0\language-server\BOOT-INF\lib\caffeine-3.1.2.jar;c:\Users\iamdr\.vscode\extensions\vmware.vscode-spring-boot-1.45.0\language-server\BOOT-INF\lib\checker-qual-3.12.0.jar;c:\Users\iamdr\.vscode\extensions\vmware.vscode-spring-boot-1.45.0\language-server\BOOT-INF\lib\classgraph-4.8.149.jar;c:\Users\iamdr\.vscode\extensions\vmware.vscode-spring-boot-1.45.0\language-server\BOOT-INF\lib\commons-codec-1.15.jar;c:\Users\iamdr\.vscode\extensions\vmware.vscode-spring-boot-1.45.0\language-server\BOOT-INF\lib\commons-compress-1.22.jar;c:\Users\iamdr\.vscode\extensions\vmware.vscode-spring-boot-1.45.0\language-server\BOOT-INF\lib\commons-io-2.4.jar;c:
Launcher Type: SUN_STANDARD

[Global flags]
     intx CICompilerCount                          = 4                                         {product} {ergonomic}
     uint ConcGCThreads                            = 2                                         {product} {ergonomic}
     uint G1ConcRefinementThreads                  = 8                                         {product} {ergonomic}
   size_t G1HeapRegionSize                         = 1048576                                   {product} {ergonomic}
    uintx GCDrainStackTargetSize                   = 64                                        {product} {ergonomic}
     bool HeapDumpOnOutOfMemoryError               = true                                   {manageable} {command line}
   size_t InitialHeapSize                          = 134217728                                 {product} {ergonomic}
   size_t MarkStackSize                            = 4194304                                   {product} {ergonomic}
   size_t MaxHeapSize                              = 1073741824                                {product} {command line}
   size_t MaxNewSize                               = 643825664                                 {product} {ergonomic}
   size_t MinHeapDeltaBytes                        = 1048576                                   {product} {ergonomic}
   size_t MinHeapSize                              = 8388608                                   {product} {ergonomic}
    uintx NonProfiledCodeHeapSize                  = 0                                      {pd product} {ergonomic}
     bool ProfileInterpreter                       = false                                  {pd product} {command line}
    uintx ProfiledCodeHeapSize                     = 0                                      {pd product} {ergonomic}
   size_t SoftMaxHeapSize                          = 1073741824                             {manageable} {ergonomic}
     intx TieredStopAtLevel                        = 1                                         {product} {command line}
     bool UseCompressedClassPointers               = true                           {product lp64_product} {ergonomic}
     bool UseCompressedOops                        = true                           {product lp64_product} {ergonomic}
     bool UseG1GC                                  = true                                      {product} {ergonomic}
     bool UseLargePagesIndividualAllocation        = false                                  {pd product} {ergonomic}

Logging:
Log output configuration:
 #0: stdout all=warning,jni+resolve=off uptime,level,tags
 #1: stderr all=off uptime,level,tags

Environment Variables:
JAVA_HOME=C:\Program Files\Java\jdk-20
PATH=C:\Program Files\maven\apache-maven-3.6.3\bin;C:\Python311\;C:\Program Files\Common Files\Oracle\Java\javapath;C:\WINDOWS\system32;C:\WINDOWS;C:\WINDOWS\System32\Wbem;C:\WINDOWS\System32\WindowsPowerShell\v1.0\;C:\WINDOWS\System32\OpenSSH\;C:\Program Files\Git\cmd;C:\Program Files (x86)\Microsoft SQL Server\160\Tools\Binn\;C:\Program Files\Microsoft SQL Server\160\Tools\Binn\;C:\Program Files\Microsoft SQL Server\Client SDK\ODBC\170\Tools\Binn\;C:\Program Files\Microsoft SQL Server\160\DTS\Binn\;C:\Program Files (x86)\Microsoft SQL Server\160\DTS\Binn\;C:\ProgramData\chocolatey\bin;C:\Users\iamdr\AppData\Roaming\nvm;C:\Program Files\nodejs;C:\Program Files\nodejs\;C:\Program Files\Java\jdk-20\bin;C:\Program Files\MySQL\MySQL Shell 8.0\bin\;C:\Python311\Scripts\;C:\Python311\;C:\Program Files\Common Files\Oracle\Java\javapath;C:\Program Files (x86)\Common Files\Oracle\Java\javapath;C:\WINDOWS\system32;C:\WINDOWS;C:\WINDOWS\System32\Wbem;C:\WINDOWS\System32\WindowsPowerShell\v1.0\;C:\WINDOWS\System32\OpenSSH\;C:\Program Files\Git\cmd;C:\Program Files (x86)\Microsoft SQL Server\160\Tools\Binn\;C:\Program Files\Microsoft SQL Server\160\Tools\Binn\;C:\Program Files\Microsoft SQL Server\Client SDK\ODBC\170\Tools\Binn\;C:\Program Files\Microsoft SQL Server\160\DTS\Binn\;C:\Program Files (x86)\Microsoft SQL Server\160\DTS\Binn\;C:\ProgramData\chocolatey\bin;C:\Users\iamdr\AppData\Local\Microsoft\WindowsApps;C:\Users\iamdr\AppData\Local\Programs\Microsoft VS Code\bin;E:\software\IntelliJ IDEA Community Edition 2022.3.2\bin;C:\Users\iamdr\AppData\Local\JetBrains\Toolbox\scripts;C:\Program Files\Azure Data Studio\bin;C:\Users\iamdr\AppData\Local\Microsoft\WindowsApps;C:\Users\iamdr\AppData\Local\Programs\Hyper\resources\bin;C:\Users\iamdr\AppData\Roaming\nvm;C:\Program Files\nodejs;C:\Users\iamdr\AppData\Roaming\npm;;E:\SOFTWARE\IntelliJ IDEA 2023.1\bin;
USERNAME=iamdr
OS=Windows_NT
PROCESSOR_IDENTIFIER=Intel64 Family 6 Model 142 Stepping 12, GenuineIntel
TMP=C:\Users\iamdr\AppData\Local\Temp
TEMP=C:\Users\iamdr\AppData\Local\Temp



---------------  S Y S T E M  ---------------

OS:
 Windows 11 , 64 bit Build 23440 (10.0.23440.1000)
OS uptime: 2 days 4:10 hours

CPU: total 8 (initial active 8) (4 cores per cpu, 2 threads per core) family 6 model 142 stepping 12 microcode 0xf0, cx8, cmov, fxsr, ht, mmx, 3dnowpref, sse, sse2, sse3, ssse3, sse4.1, sse4.2, popcnt, lzcnt, tsc, tscinvbit, avx, avx2, aes, erms, clmul, bmi1, bmi2, adx, fma, vzeroupper, clflush, clflushopt

Memory: 4k page, system-wide physical 8068M (410M free)
TotalPageFile size 32644M (AvailPageFile size 29M)
current process WorkingSet (physical memory assigned to process): 36M, peak: 132M
current process commit charge ("private bytes"): 169M, peak: 232M

vm_info: OpenJDK 64-Bit Server VM (17.0.7+7) for windows-amd64 JRE (17.0.7+7), built on Apr 18 2023 22:10:42 by "temurin" with MS VC++ 16.7 (VS2019)

END.
